=== Error Taxonomy Audit ===
Catalog specs: 60
classified_http_exception calls: 1045
  with code: 1040
  with literal status+code: 1012
Status/code mismatches: 0
Unknown ErrorCode in classified calls: 0
Raw HTTPException literal status+code audited: 0
Raw HTTPException status/code mismatches: 0
Unknown ErrorCode in raw HTTPException: 0
Runtime return-in-finally: 0
Runtime bare except: 0
Runtime suppress(Exception): 0
Runtime silent broad except: 0
Runtime broad except without log/raise: 0
Runtime lineage fail-open handlers: 0
Runtime streamJoin strategy ignored handlers: 0
Runtime output kind metadata gap handlers: 0
Runtime preflight swallowed handlers: 0
Runtime dataset write-mode gaps: 0
Runtime dataset required-columns gaps: 0
Runtime dataset write-format gaps: 0
Runtime commented exports in __init__.py: 0
Runtime doc-only modules: 0

Raw HTTPException usages (all): 0
Raw HTTPException usages (with embedded detail.code): 0
Raw HTTPException usages (without detail.code): 0
Raw string payload codes (code/error_code/api_code/legacy_code/external_code): 0
