bff/services/funnel_client.py:828: unused variable 'exc_tb' (100% confidence)
bff/services/funnel_client.py:828: unused variable 'exc_val' (100% confidence)
bff/services/oms_client.py:943: unused variable 'exc_tb' (100% confidence)
bff/services/oms_client.py:943: unused variable 'exc_val' (100% confidence)
bff/tests/test_import_commit_wiring.py:17: unused variable 'tb' (100% confidence)
bff/tests/test_pipeline_router_uploads.py:313: unused variable 'tb' (100% confidence)
bff/tests/test_pipeline_router_uploads.py:352: unused variable 'tb' (100% confidence)
funnel/services/structure_analysis.py:2913: unused variable 'non_empty_in_row' (100% confidence)
funnel/tests/test_data_processor.py:34: unused variable 'tb' (100% confidence)
funnel/tests/test_type_inference_router.py:153: unused variable 'tb' (100% confidence)
mcp_servers/context7_development.py:29: unused variable 'related_files' (100% confidence)
objectify_worker/write_paths.py:48: unused variable 'objectify_instance_id_field' (100% confidence)
objectify_worker/write_paths.py:145: unused variable 'objectify_instance_id_field' (100% confidence)
oms/database/decorators.py:199: unused variable 'version_field' (100% confidence)
oms/services/async_terminus.py:336: unused variable 'raise_if_missing' (100% confidence)
oms/services/async_terminus.py:1012: unused variable 'exc_tb' (100% confidence)
oms/services/async_terminus.py:1012: unused variable 'exc_val' (100% confidence)
oms/services/terminus/base.py:309: unused variable 'exc_tb' (100% confidence)
oms/services/terminus/base.py:309: unused variable 'exc_val' (100% confidence)
oms/utils/terminus_schema_types.py:171: unused variable 'type_options' (100% confidence)
scripts/migrations/migrate_es_to_terminus_lightweight.py:127: unreachable code after 'return' (100% confidence)
shared/config/kafka_config.py:145: unused variable 'replication_factor' (100% confidence)
shared/security/auth_utils.py:69: unused variable 'pytest_env_key' (100% confidence)
shared/services/core/graph_federation_service_es.py:75: unused variable 'strict_overlay' (100% confidence)
shared/services/core/graph_federation_service_es.py:221: unused variable 'strict_overlay' (100% confidence)
shared/services/core/ontology_linter.py:425: unused variable 'existing_relationships' (100% confidence)
shared/services/kafka/safe_consumer.py:480: unused variable 'exc_tb' (100% confidence)
shared/services/kafka/safe_consumer.py:480: unused variable 'exc_val' (100% confidence)
shared/testing/config_fixtures.py:289: unused variable 'exc_tb' (100% confidence)
shared/testing/config_fixtures.py:289: unused variable 'exc_val' (100% confidence)
tests/unit/observability/test_tracing_config.py:53: unused variable 'tb' (100% confidence)
tests/unit/observability/test_tracing_config.py:92: unused variable 'tb' (100% confidence)
tests/unit/services/test_agent_runtime_artifacts.py:139: unused variable 'tb' (100% confidence)
tests/unit/services/test_agent_runtime_artifacts.py:289: unused variable 'tb' (100% confidence)
tests/unit/services/test_agent_runtime_delegated_auth.py:41: unused variable 'tb' (100% confidence)
tests/unit/services/test_agent_runtime_pipeline_wait.py:69: unused variable 'tb' (100% confidence)
tests/unit/services/test_agent_runtime_templating.py:68: unused variable 'tb' (100% confidence)
tests/unit/services/test_event_store_connect_idempotent.py:35: unused variable 'tb' (100% confidence)
tests/unit/services/test_funnel_data_processor.py:35: unused variable 'tb' (100% confidence)
tests/unit/services/test_pipeline_registry_commit_predicate_fallback.py:19: unused variable 'tb' (100% confidence)
tests/unit/services/test_postgres_schema_registry.py:15: unused variable 'tb' (100% confidence)
